2019-05-25 14:13:36,846 WARN [main] c.l.l.LogBackTest [LogBackTest.java:19] test warn
2019-05-25 14:13:36,852 ERROR [main] c.l.l.LogBackTest [LogBackTest.java:27] test error
2019-05-25 14:13:36,853 INFO [main] c.l.l.Foo [Foo.java:12] test info
2019-05-25 14:13:36,853 WARN [main] c.l.l.Foo [Foo.java:20] test warn
2019-05-25 14:13:36,853 ERROR [main] c.l.l.Foo [Foo.java:28] test error
2019-05-25 14:15:35,999 WARN [main] c.l.l.LogBackTest [LogBackTest.java:19] test warn
2019-05-25 14:15:36,004 ERROR [main] c.l.l.LogBackTest [LogBackTest.java:27] test error
2019-05-25 14:15:36,005 INFO [main] c.l.l.Foo [Foo.java:12] test info
2019-05-25 14:15:36,006 WARN [main] c.l.l.Foo [Foo.java:20] test warn
2019-05-25 14:15:36,006 ERROR [main] c.l.l.Foo [Foo.java:28] test error
2019-05-25 14:17:06,911 INFO [main] c.l.l.Main [Main.java:15] main start
2019-05-25 14:17:06,919 INFO [main] c.l.l.LogBackTest [LogBackTest.java:11] test info
2019-05-25 14:17:06,919 WARN [main] c.l.l.LogBackTest [LogBackTest.java:19] test warn
2019-05-25 14:17:06,919 ERROR [main] c.l.l.LogBackTest [LogBackTest.java:27] test error
2019-05-25 14:17:06,920 WARN [main] c.l.l.Foo [Foo.java:20] test warn
2019-05-25 14:17:06,920 ERROR [main] c.l.l.Foo [Foo.java:28] test error
2019-05-25 14:17:06,920 INFO [main] c.l.l.Main [Main.java:24] main end
2019-05-25 14:23:33,448 INFO [main] c.l.l.Main [Main.java:15] main start
2019-05-25 14:23:33,457 INFO [main] c.l.l.LogBackTest [LogBackTest.java:11] test info
2019-05-25 14:23:33,457 WARN [main] c.l.l.LogBackTest [LogBackTest.java:19] test warn
2019-05-25 14:23:33,457 ERROR [main] c.l.l.LogBackTest [LogBackTest.java:27] test error
2019-05-25 14:23:33,458 WARN [main] c.l.l.Foo [Foo.java:20] test warn
2019-05-25 14:23:33,458 ERROR [main] c.l.l.Foo [Foo.java:28] test error
2019-05-25 14:23:33,458 INFO [main] c.l.l.Main [Main.java:24] main end
2019-05-25 14:27:33,455 INFO [main] c.l.r.Main [Main.java:18] main start
2019-05-25 14:27:33,464 INFO [main] c.l.l.LogBackTest [LogBackTest.java:11] test info
2019-05-25 14:27:33,464 INFO [main] c.l.l.LogBackTest [LogBackTest.java:11] test info
2019-05-25 14:27:33,464 WARN [main] c.l.l.LogBackTest [LogBackTest.java:19] test warn
2019-05-25 14:27:33,464 WARN [main] c.l.l.LogBackTest [LogBackTest.java:19] test warn
2019-05-25 14:27:33,464 ERROR [main] c.l.l.LogBackTest [LogBackTest.java:27] test error
2019-05-25 14:27:33,464 ERROR [main] c.l.l.LogBackTest [LogBackTest.java:27] test error
2019-05-25 14:27:33,465 WARN [main] c.l.l.Foo [Foo.java:20] test warn
2019-05-25 14:27:33,465 WARN [main] c.l.l.Foo [Foo.java:20] test warn
2019-05-25 14:27:33,465 ERROR [main] c.l.l.Foo [Foo.java:28] test error
2019-05-25 14:27:33,465 ERROR [main] c.l.l.Foo [Foo.java:28] test error
2019-05-25 14:27:33,465 INFO [main] c.l.r.Main [Main.java:27] main end
2019-05-25 14:28:24,498 INFO [main] c.l.l.LogBackTest [LogBackTest.java:11] test info
2019-05-25 14:28:24,499 WARN [main] c.l.l.LogBackTest [LogBackTest.java:19] test warn
2019-05-25 14:28:24,499 ERROR [main] c.l.l.LogBackTest [LogBackTest.java:27] test error
2019-05-25 14:28:24,500 WARN [main] c.l.l.Foo [Foo.java:20] test warn
2019-05-25 14:28:24,500 ERROR [main] c.l.l.Foo [Foo.java:28] test error
2019-05-25 14:35:08,982 INFO [main] c.l.l.Foo [Foo.java:12] test info
2019-05-25 14:35:08,983 WARN [main] c.l.l.Foo [Foo.java:20] test warn
2019-05-25 14:35:08,983 ERROR [main] c.l.l.Foo [Foo.java:28] test error
2019-05-25 14:36:06,603 INFO [main] c.l.l.Foo [Foo.java:12] test info
2019-05-25 14:36:06,604 WARN [main] c.l.l.Foo [Foo.java:20] test warn
2019-05-25 14:36:06,604 ERROR [main] c.l.l.Foo [Foo.java:28] test error
2019-05-25 14:37:21,870 INFO [main] c.l.l.Foo [Foo.java:12] test info
2019-05-25 14:37:21,871 WARN [main] c.l.l.Foo [Foo.java:20] test warn
2019-05-25 14:37:21,872 ERROR [main] c.l.l.Foo [Foo.java:28] test error
2019-05-25 14:37:49,294 INFO [main] c.l.l.Foo [Foo.java:12] test info
2019-05-25 14:37:49,295 WARN [main] c.l.l.Foo [Foo.java:20] test warn
2019-05-25 14:37:49,295 ERROR [main] c.l.l.Foo [Foo.java:28] test error
